{"/Users/morinagamasahiro/test-for-frontend/src/chap3/02/index.ts": {"path":"/Users/morinagamasahiro/test-for-frontend/src/chap3/02/index.ts","statementMap":{"0":{"start":{"line":1,"column":0},"end":{"line":1,"column":7}},"1":{"start":{"line":1,"column":19},"end":{"line":3,"column":null}},"2":{"start":{"line":2,"column":1},"end":{"line":2,"column":null}},"3":{"start":{"line":5,"column":0},"end":{"line":5,"column":null}}},"fnMap":{"0":{"name":"(anonymous_4)","decl":{"start":{"line":1,"column":0},"end":{"line":1,"column":7}},"loc":{"start":{"line":1,"column":0},"end":{"line":1,"column":7}}},"1":{"name":"(anonymous_5)","decl":{"start":{"line":1,"column":19},"end":{"line":1,"column":20}},"loc":{"start":{"line":1,"column":53},"end":{"line":3,"column":null}}}},"branchMap":{},"s":{"0":4,"1":1,"2":2,"3":1},"f":{"0":1,"1":2},"b":{}}
,"/Users/morinagamasahiro/test-for-frontend/src/chap3/04/index.ts": {"path":"/Users/morinagamasahiro/test-for-frontend/src/chap3/04/index.ts","statementMap":{"0":{"start":{"line":1,"column":0},"end":{"line":1,"column":7}},"1":{"start":{"line":1,"column":19},"end":{"line":8,"column":null}},"2":{"start":{"line":2,"column":21},"end":{"line":2,"column":null}},"3":{"start":{"line":4,"column":1},"end":{"line":6,"column":null}},"4":{"start":{"line":5,"column":2},"end":{"line":5,"column":null}},"5":{"start":{"line":7,"column":1},"end":{"line":7,"column":null}},"6":{"start":{"line":10,"column":19},"end":{"line":17,"column":null}},"7":{"start":{"line":11,"column":13},"end":{"line":11,"column":null}},"8":{"start":{"line":13,"column":1},"end":{"line":15,"column":2}},"9":{"start":{"line":14,"column":2},"end":{"line":14,"column":null}},"10":{"start":{"line":16,"column":1},"end":{"line":16,"column":null}}},"fnMap":{"0":{"name":"(anonymous_4)","decl":{"start":{"line":1,"column":0},"end":{"line":1,"column":7}},"loc":{"start":{"line":1,"column":0},"end":{"line":1,"column":7}}},"1":{"name":"(anonymous_6)","decl":{"start":{"line":1,"column":19},"end":{"line":1,"column":20}},"loc":{"start":{"line":1,"column":53},"end":{"line":8,"column":null}}},"2":{"name":"(anonymous_7)","decl":{"start":{"line":10,"column":19},"end":{"line":10,"column":20}},"loc":{"start":{"line":10,"column":53},"end":{"line":17,"column":null}}}},"branchMap":{"0":{"loc":{"start":{"line":4,"column":1},"end":{"line":6,"column":null}},"type":"if","locations":[{"start":{"line":4,"column":1},"end":{"line":6,"column":null}}]},"1":{"loc":{"start":{"line":13,"column":1},"end":{"line":15,"column":2}},"type":"if","locations":[{"start":{"line":13,"column":1},"end":{"line":15,"column":2}}]}},"s":{"0":7,"1":1,"2":2,"3":2,"4":1,"5":1,"6":1,"7":2,"8":2,"9":1,"10":1},"f":{"0":4,"1":2,"2":2},"b":{"0":[1],"1":[1]}}
,"/Users/morinagamasahiro/test-for-frontend/src/chap3/05/index.ts": {"path":"/Users/morinagamasahiro/test-for-frontend/src/chap3/05/index.ts","statementMap":{"0":{"start":{"line":1,"column":0},"end":{"line":1,"column":7}},"1":{"start":{"line":5,"column":19},"end":{"line":15,"column":null}},"2":{"start":{"line":6,"column":1},"end":{"line":6,"column":null}},"3":{"start":{"line":7,"column":1},"end":{"line":7,"column":null}},"4":{"start":{"line":9,"column":21},"end":{"line":9,"column":null}},"5":{"start":{"line":11,"column":1},"end":{"line":13,"column":null}},"6":{"start":{"line":12,"column":2},"end":{"line":12,"column":null}},"7":{"start":{"line":14,"column":1},"end":{"line":14,"column":null}},"8":{"start":{"line":17,"column":26},"end":{"line":21,"column":null}},"9":{"start":{"line":18,"column":1},"end":{"line":20,"column":null}},"10":{"start":{"line":19,"column":2},"end":{"line":19,"column":null}}},"fnMap":{"0":{"name":"(anonymous_4)","decl":{"start":{"line":1,"column":0},"end":{"line":1,"column":7}},"loc":{"start":{"line":1,"column":0},"end":{"line":1,"column":7}}},"1":{"name":"(anonymous_8)","decl":{"start":{"line":5,"column":19},"end":{"line":5,"column":20}},"loc":{"start":{"line":5,"column":53},"end":{"line":15,"column":null}}},"2":{"name":"(anonymous_9)","decl":{"start":{"line":17,"column":26},"end":{"line":17,"column":27}},"loc":{"start":{"line":17,"column":45},"end":{"line":21,"column":null}}}},"branchMap":{"0":{"loc":{"start":{"line":11,"column":1},"end":{"line":13,"column":null}},"type":"if","locations":[{"start":{"line":11,"column":1},"end":{"line":13,"column":null}}]},"1":{"loc":{"start":{"line":18,"column":1},"end":{"line":20,"column":null}},"type":"if","locations":[{"start":{"line":18,"column":1},"end":{"line":20,"column":null}}]},"2":{"loc":{"start":{"line":18,"column":5},"end":{"line":18,"column":31}},"type":"binary-expr","locations":[{"start":{"line":18,"column":5},"end":{"line":18,"column":18}},{"start":{"line":18,"column":18},"end":{"line":18,"column":31}}]}},"s":{"0":5,"1":1,"2":1,"3":0,"4":0,"5":0,"6":0,"7":0,"8":1,"9":1,"10":1},"f":{"0":2,"1":1,"2":1},"b":{"0":[0],"1":[1],"2":[1,0]}}
,"/Users/morinagamasahiro/test-for-frontend/src/chap3/07/index.ts": {"path":"/Users/morinagamasahiro/test-for-frontend/src/chap3/07/index.ts","statementMap":{"0":{"start":{"line":1,"column":0},"end":{"line":1,"column":7}},"1":{"start":{"line":1,"column":20},"end":{"line":7,"column":null}},"2":{"start":{"line":2,"column":1},"end":{"line":6,"column":null}},"3":{"start":{"line":3,"column":2},"end":{"line":5,"column":null}},"4":{"start":{"line":4,"column":3},"end":{"line":4,"column":null}}},"fnMap":{"0":{"name":"(anonymous_4)","decl":{"start":{"line":1,"column":0},"end":{"line":1,"column":7}},"loc":{"start":{"line":1,"column":0},"end":{"line":1,"column":7}}},"1":{"name":"(anonymous_5)","decl":{"start":{"line":1,"column":20},"end":{"line":1,"column":21}},"loc":{"start":{"line":1,"column":42},"end":{"line":7,"column":null}}},"2":{"name":"(anonymous_6)","decl":{"start":{"line":2,"column":20},"end":{"line":2,"column":21}},"loc":{"start":{"line":2,"column":33},"end":{"line":6,"column":2}}},"3":{"name":"(anonymous_7)","decl":{"start":{"line":3,"column":13},"end":{"line":3,"column":19}},"loc":{"start":{"line":3,"column":19},"end":{"line":5,"column":5}}}},"branchMap":{},"s":{"0":7,"1":1,"2":4,"3":4,"4":4},"f":{"0":4,"1":4,"2":4,"3":4},"b":{}}
,"/Users/morinagamasahiro/test-for-frontend/src/chap4/02/greet.ts": {"path":"/Users/morinagamasahiro/test-for-frontend/src/chap4/02/greet.ts","statementMap":{"0":{"start":{"line":1,"column":0},"end":{"line":1,"column":7}},"1":{"start":{"line":1,"column":21},"end":{"line":3,"column":null}},"2":{"start":{"line":2,"column":1},"end":{"line":2,"column":null}},"3":{"start":{"line":5,"column":26},"end":{"line":7,"column":null}},"4":{"start":{"line":6,"column":1},"end":{"line":6,"column":null}}},"fnMap":{"0":{"name":"(anonymous_4)","decl":{"start":{"line":1,"column":0},"end":{"line":1,"column":7}},"loc":{"start":{"line":1,"column":0},"end":{"line":1,"column":7}}},"1":{"name":"(anonymous_6)","decl":{"start":{"line":1,"column":21},"end":{"line":1,"column":22}},"loc":{"start":{"line":1,"column":39},"end":{"line":3,"column":null}}},"2":{"name":"(anonymous_7)","decl":{"start":{"line":5,"column":26},"end":{"line":5,"column":27}},"loc":{"start":{"line":5,"column":44},"end":{"line":7,"column":null}}}},"branchMap":{},"s":{"0":14,"1":3,"2":2,"3":3,"4":0},"f":{"0":5,"1":2,"2":0},"b":{}}
,"/Users/morinagamasahiro/test-for-frontend/src/chap4/05/greet.ts": {"path":"/Users/morinagamasahiro/test-for-frontend/src/chap4/05/greet.ts","statementMap":{"0":{"start":{"line":1,"column":0},"end":{"line":1,"column":7}},"1":{"start":{"line":1,"column":21},"end":{"line":3,"column":null}},"2":{"start":{"line":2,"column":1},"end":{"line":2,"column":null}}},"fnMap":{"0":{"name":"(anonymous_4)","decl":{"start":{"line":1,"column":0},"end":{"line":1,"column":7}},"loc":{"start":{"line":1,"column":0},"end":{"line":1,"column":7}}},"1":{"name":"(anonymous_5)","decl":{"start":{"line":1,"column":21},"end":{"line":1,"column":22}},"loc":{"start":{"line":1,"column":77},"end":{"line":3,"column":null}}}},"branchMap":{"0":{"loc":{"start":{"line":2,"column":1},"end":{"line":2,"column":null}},"type":"cond-expr","locations":[{"start":{"line":2,"column":1},"end":{"line":2,"column":12}},{"start":{"line":2,"column":1},"end":{"line":2,"column":null}}]}},"s":{"0":4,"1":1,"2":1},"f":{"0":1,"1":1},"b":{"0":[0,1]}}
,"/Users/morinagamasahiro/test-for-frontend/src/chap4/06/index.ts": {"path":"/Users/morinagamasahiro/test-for-frontend/src/chap4/06/index.ts","statementMap":{"0":{"start":{"line":1,"column":0},"end":{"line":1,"column":7}},"1":{"start":{"line":3,"column":27},"end":{"line":7,"column":null}},"2":{"start":{"line":4,"column":1},"end":{"line":6,"column":2}},"3":{"start":{"line":5,"column":2},"end":{"line":5,"column":null}}},"fnMap":{"0":{"name":"(anonymous_4)","decl":{"start":{"line":1,"column":0},"end":{"line":1,"column":7}},"loc":{"start":{"line":1,"column":0},"end":{"line":1,"column":7}}},"1":{"name":"(anonymous_6)","decl":{"start":{"line":3,"column":27},"end":{"line":3,"column":28}},"loc":{"start":{"line":3,"column":46},"end":{"line":7,"column":null}}}},"branchMap":{"0":{"loc":{"start":{"line":4,"column":1},"end":{"line":6,"column":2}},"type":"if","locations":[{"start":{"line":4,"column":1},"end":{"line":6,"column":2}}]}},"s":{"0":7,"1":1,"2":4,"3":0},"f":{"0":4,"1":4},"b":{"0":[0]}}
,"/Users/morinagamasahiro/test-for-frontend/src/chap4/fetchers/fixtures.ts": {"path":"/Users/morinagamasahiro/test-for-frontend/src/chap4/fetchers/fixtures.ts","statementMap":{"0":{"start":{"line":1,"column":0},"end":{"line":1,"column":null}},"1":{"start":{"line":3,"column":36},"end":{"line":5,"column":null}},"2":{"start":{"line":7,"column":43},"end":{"line":31,"column":null}},"3":{"start":{"line":33,"column":42},"end":{"line":39,"column":null}}},"fnMap":{"0":{"name":"(anonymous_4)","decl":{"start":{"line":1,"column":0},"end":{"line":1,"column":null}},"loc":{"start":{"line":1,"column":0},"end":{"line":1,"column":null}}}},"branchMap":{},"s":{"0":5,"1":1,"2":1,"3":1},"f":{"0":2},"b":{}}
,"/Users/morinagamasahiro/test-for-frontend/src/chap4/fetchers/index.ts": {"path":"/Users/morinagamasahiro/test-for-frontend/src/chap4/fetchers/index.ts","statementMap":{"0":{"start":{"line":1,"column":0},"end":{"line":1,"column":null}},"1":{"start":{"line":4,"column":15},"end":{"line":4,"column":null}},"2":{"start":{"line":5,"column":2},"end":{"line":7,"column":null}},"3":{"start":{"line":6,"column":4},"end":{"line":6,"column":null}},"4":{"start":{"line":8,"column":2},"end":{"line":8,"column":null}},"5":{"start":{"line":11,"column":13},"end":{"line":11,"column":null}},"6":{"start":{"line":11,"column":31},"end":{"line":11,"column":null}},"7":{"start":{"line":14,"column":2},"end":{"line":14,"column":null}},"8":{"start":{"line":18,"column":2},"end":{"line":18,"column":null}},"9":{"start":{"line":22,"column":2},"end":{"line":25,"column":null}}},"fnMap":{"0":{"name":"(anonymous_4)","decl":{"start":{"line":1,"column":0},"end":{"line":1,"column":null}},"loc":{"start":{"line":1,"column":0},"end":{"line":1,"column":null}}},"1":{"name":"handleResponse","decl":{"start":{"line":3,"column":15},"end":{"line":3,"column":30}},"loc":{"start":{"line":3,"column":45},"end":{"line":9,"column":null}}},"2":{"name":"(anonymous_8)","decl":{"start":{"line":11,"column":13},"end":{"line":11,"column":14}},"loc":{"start":{"line":11,"column":31},"end":{"line":11,"column":null}}},"3":{"name":"getMyProfile","decl":{"start":{"line":13,"column":16},"end":{"line":13,"column":49}},"loc":{"start":{"line":13,"column":49},"end":{"line":15,"column":null}}},"4":{"name":"getMyArticles","decl":{"start":{"line":17,"column":16},"end":{"line":17,"column":51}},"loc":{"start":{"line":17,"column":51},"end":{"line":19,"column":null}}},"5":{"name":"postMyArticle","decl":{"start":{"line":21,"column":16},"end":{"line":21,"column":30}},"loc":{"start":{"line":21,"column":69},"end":{"line":26,"column":null}}}},"branchMap":{"0":{"loc":{"start":{"line":5,"column":2},"end":{"line":7,"column":null}},"type":"if","locations":[{"start":{"line":5,"column":2},"end":{"line":7,"column":null}}]}},"s":{"0":6,"1":0,"2":0,"3":0,"4":0,"5":1,"6":0,"7":0,"8":0,"9":0},"f":{"0":3,"1":0,"2":0,"3":0,"4":0,"5":0},"b":{"0":[0]}}
,"/Users/morinagamasahiro/test-for-frontend/src/chap5/03/Form.tsx": {"path":"/Users/morinagamasahiro/test-for-frontend/src/chap5/03/Form.tsx","statementMap":{"0":{"start":{"line":1,"column":0},"end":{"line":1,"column":null}},"1":{"start":{"line":6,"column":37},"end":{"line":21,"column":null}},"2":{"start":{"line":7,"column":1},"end":{"line":19,"column":null}},"3":{"start":{"line":10,"column":4},"end":{"line":10,"column":null}},"4":{"start":{"line":11,"column":4},"end":{"line":11,"column":null}}},"fnMap":{"0":{"name":"(anonymous_4)","decl":{"start":{"line":1,"column":0},"end":{"line":1,"column":null}},"loc":{"start":{"line":1,"column":0},"end":{"line":1,"column":null}}},"1":{"name":"(anonymous_5)","decl":{"start":{"line":6,"column":37},"end":{"line":6,"column":38}},"loc":{"start":{"line":6,"column":59},"end":{"line":21,"column":null}}},"2":{"name":"(anonymous_6)","decl":{"start":{"line":9,"column":13},"end":{"line":9,"column":14}},"loc":{"start":{"line":9,"column":24},"end":{"line":12,"column":null}}}},"branchMap":{"0":{"loc":{"start":{"line":11,"column":4},"end":{"line":11,"column":null}},"type":"cond-expr","locations":[{"start":{"line":11,"column":4},"end":{"line":11,"column":15}},{"start":{"line":11,"column":4},"end":{"line":11,"column":null}}]}},"s":{"0":7,"1":1,"2":4,"3":1,"4":1},"f":{"0":4,"1":4,"2":1},"b":{"0":[0,1]}}
,"/Users/morinagamasahiro/test-for-frontend/src/chap5/05/Agreement.tsx": {"path":"/Users/morinagamasahiro/test-for-frontend/src/chap5/05/Agreement.tsx","statementMap":{"0":{"start":{"line":1,"column":0},"end":{"line":1,"column":null}},"1":{"start":{"line":5,"column":42},"end":{"line":15,"column":null}},"2":{"start":{"line":6,"column":1},"end":{"line":13,"column":null}}},"fnMap":{"0":{"name":"(anonymous_4)","decl":{"start":{"line":1,"column":0},"end":{"line":1,"column":null}},"loc":{"start":{"line":1,"column":0},"end":{"line":1,"column":null}}},"1":{"name":"(anonymous_5)","decl":{"start":{"line":5,"column":42},"end":{"line":5,"column":43}},"loc":{"start":{"line":5,"column":60},"end":{"line":15,"column":null}}}},"branchMap":{},"s":{"0":10,"1":2,"2":4},"f":{"0":4,"1":4},"b":{}}
,"/Users/morinagamasahiro/test-for-frontend/src/chap5/05/Form.tsx": {"path":"/Users/morinagamasahiro/test-for-frontend/src/chap5/05/Form.tsx","statementMap":{"0":{"start":{"line":1,"column":0},"end":{"line":1,"column":18}},"1":{"start":{"line":1,"column":18},"end":{"line":1,"column":null}},"2":{"start":{"line":2,"column":26},"end":{"line":2,"column":null}},"3":{"start":{"line":3,"column":29},"end":{"line":3,"column":null}},"4":{"start":{"line":5,"column":30},"end":{"line":23,"column":null}},"5":{"start":{"line":6,"column":31},"end":{"line":6,"column":null}},"6":{"start":{"line":7,"column":19},"end":{"line":7,"column":null}},"7":{"start":{"line":9,"column":1},"end":{"line":21,"column":null}},"8":{"start":{"line":15,"column":5},"end":{"line":15,"column":null}}},"fnMap":{"0":{"name":"(anonymous_5)","decl":{"start":{"line":1,"column":0},"end":{"line":1,"column":18}},"loc":{"start":{"line":1,"column":0},"end":{"line":1,"column":18}}},"1":{"name":"(anonymous_6)","decl":{"start":{"line":5,"column":30},"end":{"line":5,"column":36}},"loc":{"start":{"line":5,"column":36},"end":{"line":23,"column":null}}},"2":{"name":"(anonymous_7)","decl":{"start":{"line":14,"column":14},"end":{"line":14,"column":15}},"loc":{"start":{"line":14,"column":25},"end":{"line":16,"column":null}}}},"branchMap":{},"s":{"0":5,"1":1,"2":1,"3":1,"4":1,"5":4,"6":3,"7":3,"8":1},"f":{"0":2,"1":4,"2":1},"b":{}}
,"/Users/morinagamasahiro/test-for-frontend/src/chap5/05/InputAccount.tsx": {"path":"/Users/morinagamasahiro/test-for-frontend/src/chap5/05/InputAccount.tsx","statementMap":{"0":{"start":{"line":1,"column":0},"end":{"line":1,"column":7}},"1":{"start":{"line":1,"column":38},"end":{"line":19,"column":null}},"2":{"start":{"line":2,"column":1},"end":{"line":17,"column":null}}},"fnMap":{"0":{"name":"(anonymous_4)","decl":{"start":{"line":1,"column":0},"end":{"line":1,"column":7}},"loc":{"start":{"line":1,"column":0},"end":{"line":1,"column":7}}},"1":{"name":"(anonymous_5)","decl":{"start":{"line":1,"column":38},"end":{"line":1,"column":44}},"loc":{"start":{"line":1,"column":44},"end":{"line":19,"column":null}}}},"branchMap":{},"s":{"0":11,"1":2,"2":5},"f":{"0":5,"1":5},"b":{}}
,"/Users/morinagamasahiro/test-for-frontend/src/chap5/06/ContactNumber.tsx": {"path":"/Users/morinagamasahiro/test-for-frontend/src/chap5/06/ContactNumber.tsx","statementMap":{"0":{"start":{"line":1,"column":0},"end":{"line":1,"column":7}},"1":{"start":{"line":1,"column":29},"end":{"line":19,"column":null}},"2":{"start":{"line":2,"column":2},"end":{"line":17,"column":null}}},"fnMap":{"0":{"name":"(anonymous_4)","decl":{"start":{"line":1,"column":0},"end":{"line":1,"column":7}},"loc":{"start":{"line":1,"column":0},"end":{"line":1,"column":7}}},"1":{"name":"(anonymous_5)","decl":{"start":{"line":1,"column":29},"end":{"line":1,"column":35}},"loc":{"start":{"line":1,"column":35},"end":{"line":19,"column":null}}}},"branchMap":{},"s":{"0":5,"1":1,"2":2},"f":{"0":2,"1":2},"b":{}}
,"/Users/morinagamasahiro/test-for-frontend/src/chap5/06/DeliveryAddress.tsx": {"path":"/Users/morinagamasahiro/test-for-frontend/src/chap5/06/DeliveryAddress.tsx","statementMap":{"0":{"start":{"line":1,"column":0},"end":{"line":1,"column":7}},"1":{"start":{"line":1,"column":31},"end":{"line":31,"column":null}},"2":{"start":{"line":2,"column":2},"end":{"line":29,"column":null}}},"fnMap":{"0":{"name":"(anonymous_4)","decl":{"start":{"line":1,"column":0},"end":{"line":1,"column":7}},"loc":{"start":{"line":1,"column":0},"end":{"line":1,"column":7}}},"1":{"name":"(anonymous_5)","decl":{"start":{"line":1,"column":31},"end":{"line":1,"column":32}},"loc":{"start":{"line":1,"column":75},"end":{"line":31,"column":null}}}},"branchMap":{"0":{"loc":{"start":{"line":1,"column":34},"end":{"line":1,"column":49}},"type":"default-arg","locations":[{"start":{"line":1,"column":42},"end":{"line":1,"column":49}}]}},"s":{"0":5,"1":1,"2":2},"f":{"0":2,"1":2},"b":{"0":[2]}}
,"/Users/morinagamasahiro/test-for-frontend/src/chap5/06/Form.tsx": {"path":"/Users/morinagamasahiro/test-for-frontend/src/chap5/06/Form.tsx","statementMap":{"0":{"start":{"line":1,"column":0},"end":{"line":1,"column":25}},"1":{"start":{"line":1,"column":25},"end":{"line":1,"column":null}},"2":{"start":{"line":2,"column":30},"end":{"line":2,"column":null}},"3":{"start":{"line":3,"column":32},"end":{"line":3,"column":null}},"4":{"start":{"line":4,"column":36},"end":{"line":4,"column":null}},"5":{"start":{"line":5,"column":40},"end":{"line":5,"column":null}},"6":{"start":{"line":12,"column":20},"end":{"line":41,"column":null}},"7":{"start":{"line":13,"column":36},"end":{"line":15,"column":null}},"8":{"start":{"line":16,"column":2},"end":{"line":39,"column":null}}},"fnMap":{"0":{"name":"(anonymous_4)","decl":{"start":{"line":1,"column":0},"end":{"line":1,"column":25}},"loc":{"start":{"line":1,"column":0},"end":{"line":1,"column":25}}},"1":{"name":"(anonymous_5)","decl":{"start":{"line":12,"column":20},"end":{"line":12,"column":21}},"loc":{"start":{"line":12,"column":38},"end":{"line":41,"column":null}}}},"branchMap":{"0":{"loc":{"start":{"line":19,"column":21},"end":{"line":33,"column":null}},"type":"cond-expr","locations":[{"start":{"line":21,"column":8},"end":{"line":31,"column":null}},{"start":{"line":33,"column":8},"end":{"line":33,"column":null}}]},"1":{"loc":{"start":{"line":19,"column":21},"end":{"line":20,"column":null}},"type":"cond-expr","locations":[{"start":{"line":20,"column":7},"end":{"line":20,"column":13}},{"start":{"line":20,"column":7},"end":{"line":20,"column":null}}]},"2":{"loc":{"start":{"line":23,"column":11},"end":{"line":29,"column":null}},"type":"cond-expr","locations":[{"start":{"line":24,"column":12},"end":{"line":24,"column":null}},{"start":{"line":26,"column":12},"end":{"line":29,"column":null}}]}},"s":{"0":5,"1":1,"2":1,"3":1,"4":1,"5":1,"6":1,"7":2,"8":2},"f":{"0":2,"1":2},"b":{"0":[0,2],"1":[2,0],"2":[0,0]}}
,"/Users/morinagamasahiro/test-for-frontend/src/chap5/06/PastDeliveryAddress.tsx": {"path":"/Users/morinagamasahiro/test-for-frontend/src/chap5/06/PastDeliveryAddress.tsx","statementMap":{"0":{"start":{"line":1,"column":0},"end":{"line":1,"column":null}},"1":{"start":{"line":3,"column":35},"end":{"line":20,"column":null}},"2":{"start":{"line":10,"column":2},"end":{"line":18,"column":null}},"3":{"start":{"line":15,"column":10},"end":{"line":15,"column":null}}},"fnMap":{"0":{"name":"(anonymous_4)","decl":{"start":{"line":1,"column":0},"end":{"line":1,"column":null}},"loc":{"start":{"line":1,"column":0},"end":{"line":1,"column":null}}},"1":{"name":"(anonymous_5)","decl":{"start":{"line":3,"column":35},"end":{"line":3,"column":36}},"loc":{"start":{"line":9,"column":6},"end":{"line":20,"column":null}}},"2":{"name":"(anonymous_6)","decl":{"start":{"line":14,"column":21},"end":{"line":14,"column":22}},"loc":{"start":{"line":15,"column":10},"end":{"line":15,"column":null}}}},"branchMap":{"0":{"loc":{"start":{"line":11,"column":52},"end":{"line":11,"column":71}},"type":"cond-expr","locations":[{"start":{"line":11,"column":63},"end":{"line":11,"column":69}},{"start":{"line":11,"column":69},"end":{"line":11,"column":71}}]}},"s":{"0":3,"1":1,"2":0,"3":0},"f":{"0":0,"1":0,"2":0},"b":{"0":[0,0]}}
,"/Users/morinagamasahiro/test-for-frontend/src/chap5/06/RegisterDeliveryAddress.tsx": {"path":"/Users/morinagamasahiro/test-for-frontend/src/chap5/06/RegisterDeliveryAddress.tsx","statementMap":{"0":{"start":{"line":1,"column":0},"end":{"line":1,"column":null}},"1":{"start":{"line":3,"column":39},"end":{"line":31,"column":null}},"2":{"start":{"line":4,"column":2},"end":{"line":29,"column":null}},"3":{"start":{"line":13,"column":12},"end":{"line":13,"column":null}},"4":{"start":{"line":24,"column":12},"end":{"line":24,"column":null}}},"fnMap":{"0":{"name":"(anonymous_4)","decl":{"start":{"line":1,"column":0},"end":{"line":1,"column":null}},"loc":{"start":{"line":1,"column":0},"end":{"line":1,"column":null}}},"1":{"name":"(anonymous_5)","decl":{"start":{"line":3,"column":39},"end":{"line":3,"column":40}},"loc":{"start":{"line":3,"column":64},"end":{"line":31,"column":null}}},"2":{"name":"(anonymous_6)","decl":{"start":{"line":12,"column":20},"end":{"line":12,"column":26}},"loc":{"start":{"line":12,"column":26},"end":{"line":14,"column":null}}},"3":{"name":"(anonymous_7)","decl":{"start":{"line":23,"column":20},"end":{"line":23,"column":26}},"loc":{"start":{"line":23,"column":26},"end":{"line":25,"column":null}}}},"branchMap":{},"s":{"0":3,"1":1,"2":0,"3":0,"4":0},"f":{"0":0,"1":0,"2":0,"3":0},"b":{}}
,"/Users/morinagamasahiro/test-for-frontend/src/chap5/07/RegisterAddress.tsx": {"path":"/Users/morinagamasahiro/test-for-frontend/src/chap5/07/RegisterAddress.tsx","statementMap":{"0":{"start":{"line":1,"column":0},"end":{"line":1,"column":25}},"1":{"start":{"line":1,"column":25},"end":{"line":1,"column":null}},"2":{"start":{"line":2,"column":21},"end":{"line":2,"column":null}},"3":{"start":{"line":3,"column":30},"end":{"line":3,"column":null}},"4":{"start":{"line":4,"column":29},"end":{"line":4,"column":null}},"5":{"start":{"line":5,"column":50},"end":{"line":5,"column":null}},"6":{"start":{"line":7,"column":31},"end":{"line":34,"column":null}},"7":{"start":{"line":8,"column":34},"end":{"line":8,"column":null}},"8":{"start":{"line":9,"column":2},"end":{"line":32,"column":null}},"9":{"start":{"line":13,"column":10},"end":{"line":28,"column":null}},"10":{"start":{"line":14,"column":12},"end":{"line":14,"column":null}},"11":{"start":{"line":15,"column":12},"end":{"line":21,"column":null}},"12":{"start":{"line":17,"column":16},"end":{"line":17,"column":null}},"13":{"start":{"line":20,"column":16},"end":{"line":20,"column":null}},"14":{"start":{"line":23,"column":12},"end":{"line":26,"column":null}},"15":{"start":{"line":24,"column":14},"end":{"line":24,"column":null}},"16":{"start":{"line":25,"column":14},"end":{"line":25,"column":null}},"17":{"start":{"line":27,"column":12},"end":{"line":27,"column":null}}},"fnMap":{"0":{"name":"(anonymous_4)","decl":{"start":{"line":1,"column":0},"end":{"line":1,"column":25}},"loc":{"start":{"line":1,"column":0},"end":{"line":1,"column":25}}},"1":{"name":"(anonymous_5)","decl":{"start":{"line":7,"column":31},"end":{"line":7,"column":37}},"loc":{"start":{"line":7,"column":37},"end":{"line":34,"column":null}}},"2":{"name":"(anonymous_6)","decl":{"start":{"line":12,"column":31},"end":{"line":12,"column":32}},"loc":{"start":{"line":12,"column":43},"end":{"line":29,"column":9}}},"3":{"name":"(anonymous_7)","decl":{"start":{"line":16,"column":20},"end":{"line":16,"column":26}},"loc":{"start":{"line":16,"column":26},"end":{"line":18,"column":15}}},"4":{"name":"(anonymous_8)","decl":{"start":{"line":19,"column":21},"end":{"line":19,"column":27}},"loc":{"start":{"line":19,"column":27},"end":{"line":21,"column":15}}}},"branchMap":{"0":{"loc":{"start":{"line":23,"column":12},"end":{"line":26,"column":null}},"type":"if","locations":[{"start":{"line":23,"column":12},"end":{"line":26,"column":null}}]},"1":{"loc":{"start":{"line":31,"column":7},"end":{"line":31,"column":null}},"type":"binary-expr","locations":[{"start":{"line":31,"column":7},"end":{"line":31,"column":21}},{"start":{"line":31,"column":21},"end":{"line":31,"column":null}}]}},"s":{"0":4,"1":1,"2":1,"3":1,"4":1,"5":1,"6":1,"7":3,"8":2,"9":1,"10":1,"11":1,"12":1,"13":0,"14":0,"15":0,"16":0,"17":0},"f":{"0":1,"1":3,"2":1,"3":1,"4":0},"b":{"0":[0],"1":[2,1]}}
,"/Users/morinagamasahiro/test-for-frontend/src/chap5/07/handleSubmit.ts": {"path":"/Users/morinagamasahiro/test-for-frontend/src/chap5/07/handleSubmit.ts","statementMap":{"0":{"start":{"line":1,"column":0},"end":{"line":1,"column":7}},"1":{"start":{"line":2,"column":2},"end":{"line":8,"column":null}},"2":{"start":{"line":3,"column":4},"end":{"line":3,"column":null}},"3":{"start":{"line":4,"column":21},"end":{"line":4,"column":null}},"4":{"start":{"line":5,"column":45},"end":{"line":5,"column":null}},"5":{"start":{"line":6,"column":4},"end":{"line":6,"column":null}},"6":{"start":{"line":6,"column":38},"end":{"line":6,"column":58}},"7":{"start":{"line":7,"column":4},"end":{"line":7,"column":null}}},"fnMap":{"0":{"name":"(anonymous_4)","decl":{"start":{"line":1,"column":0},"end":{"line":1,"column":7}},"loc":{"start":{"line":1,"column":0},"end":{"line":1,"column":7}}},"1":{"name":"handleSubmit","decl":{"start":{"line":1,"column":16},"end":{"line":1,"column":29}},"loc":{"start":{"line":1,"column":78},"end":{"line":9,"column":null}}},"2":{"name":"(anonymous_6)","decl":{"start":{"line":2,"column":9},"end":{"line":2,"column":10}},"loc":{"start":{"line":2,"column":54},"end":{"line":8,"column":null}}},"3":{"name":"(anonymous_7)","decl":{"start":{"line":6,"column":21},"end":{"line":6,"column":22}},"loc":{"start":{"line":6,"column":38},"end":{"line":6,"column":58}}}},"branchMap":{},"s":{"0":5,"1":2,"2":1,"3":1,"4":1,"5":1,"6":6,"7":1},"f":{"0":2,"1":2,"2":1,"3":6},"b":{}}
,"/Users/morinagamasahiro/test-for-frontend/src/chap5/07/testingUtils.ts": {"path":"/Users/morinagamasahiro/test-for-frontend/src/chap5/07/testingUtils.ts","statementMap":{"0":{"start":{"line":1,"column":0},"end":{"line":1,"column":23}},"1":{"start":{"line":1,"column":23},"end":{"line":1,"column":null}},"2":{"start":{"line":2,"column":22},"end":{"line":2,"column":null}},"3":{"start":{"line":4,"column":13},"end":{"line":4,"column":null}},"4":{"start":{"line":7,"column":2},"end":{"line":7,"column":null}},"5":{"start":{"line":16,"column":2},"end":{"line":19,"column":null}},"6":{"start":{"line":20,"column":2},"end":{"line":23,"column":null}},"7":{"start":{"line":24,"column":2},"end":{"line":24,"column":null}},"8":{"start":{"line":35,"column":2},"end":{"line":38,"column":null}},"9":{"start":{"line":39,"column":2},"end":{"line":42,"column":null}},"10":{"start":{"line":43,"column":2},"end":{"line":46,"column":null}},"11":{"start":{"line":47,"column":2},"end":{"line":50,"column":null}},"12":{"start":{"line":51,"column":2},"end":{"line":51,"column":null}},"13":{"start":{"line":55,"column":2},"end":{"line":57,"column":null}}},"fnMap":{"0":{"name":"(anonymous_5)","decl":{"start":{"line":1,"column":0},"end":{"line":1,"column":23}},"loc":{"start":{"line":1,"column":0},"end":{"line":1,"column":23}}},"1":{"name":"getGroupByName","decl":{"start":{"line":6,"column":16},"end":{"line":6,"column":31}},"loc":{"start":{"line":6,"column":45},"end":{"line":8,"column":null}}},"2":{"name":"inputContactNumber","decl":{"start":{"line":10,"column":22},"end":{"line":10,"column":null}},"loc":{"start":{"line":15,"column":2},"end":{"line":25,"column":null}}},"3":{"name":"inputDeliveryAddress","decl":{"start":{"line":27,"column":22},"end":{"line":27,"column":null}},"loc":{"start":{"line":34,"column":2},"end":{"line":52,"column":null}}},"4":{"name":"clickSubmit","decl":{"start":{"line":54,"column":22},"end":{"line":54,"column":36}},"loc":{"start":{"line":54,"column":36},"end":{"line":58,"column":null}}}},"branchMap":{"0":{"loc":{"start":{"line":11,"column":2},"end":{"line":14,"column":null}},"type":"default-arg","locations":[{"start":{"line":11,"column":16},"end":{"line":14,"column":null}}]},"1":{"loc":{"start":{"line":28,"column":2},"end":{"line":33,"column":null}},"type":"default-arg","locations":[{"start":{"line":28,"column":16},"end":{"line":33,"column":null}}]}},"s":{"0":6,"1":1,"2":1,"3":1,"4":0,"5":1,"6":1,"7":1,"8":1,"9":1,"10":1,"11":1,"12":1,"13":1},"f":{"0":3,"1":0,"2":1,"3":1,"4":1},"b":{"0":[1],"1":[1]}}
,"/Users/morinagamasahiro/test-for-frontend/src/chap5/07/validations.ts": {"path":"/Users/morinagamasahiro/test-for-frontend/src/chap5/07/validations.ts","statementMap":{"0":{"start":{"line":1,"column":0},"end":{"line":1,"column":7}},"1":{"start":{"line":4,"column":2},"end":{"line":6,"column":null}},"2":{"start":{"line":5,"column":4},"end":{"line":5,"column":null}}},"fnMap":{"0":{"name":"(anonymous_4)","decl":{"start":{"line":1,"column":0},"end":{"line":1,"column":7}},"loc":{"start":{"line":1,"column":0},"end":{"line":1,"column":7}}},"1":{"name":"checkPhoneNumber","decl":{"start":{"line":3,"column":16},"end":{"line":3,"column":33}},"loc":{"start":{"line":3,"column":45},"end":{"line":7,"column":null}}}},"branchMap":{"0":{"loc":{"start":{"line":4,"column":2},"end":{"line":6,"column":null}},"type":"if","locations":[{"start":{"line":4,"column":2},"end":{"line":6,"column":null}}]}},"s":{"0":4,"1":1,"2":0},"f":{"0":1,"1":1},"b":{"0":[0]}}
,"/Users/morinagamasahiro/test-for-frontend/src/chap5/07/fetchers/fixtures.ts": {"path":"/Users/morinagamasahiro/test-for-frontend/src/chap5/07/fetchers/fixtures.ts","statementMap":{"0":{"start":{"line":1,"column":0},"end":{"line":1,"column":null}},"1":{"start":{"line":3,"column":36},"end":{"line":5,"column":null}},"2":{"start":{"line":7,"column":41},"end":{"line":9,"column":null}}},"fnMap":{"0":{"name":"(anonymous_4)","decl":{"start":{"line":1,"column":0},"end":{"line":1,"column":null}},"loc":{"start":{"line":1,"column":0},"end":{"line":1,"column":null}}}},"branchMap":{},"s":{"0":4,"1":1,"2":1},"f":{"0":1},"b":{}}
,"/Users/morinagamasahiro/test-for-frontend/src/chap5/07/fetchers/index.ts": {"path":"/Users/morinagamasahiro/test-for-frontend/src/chap5/07/fetchers/index.ts","statementMap":{"0":{"start":{"line":1,"column":0},"end":{"line":1,"column":null}},"1":{"start":{"line":4,"column":15},"end":{"line":4,"column":null}},"2":{"start":{"line":5,"column":2},"end":{"line":7,"column":null}},"3":{"start":{"line":6,"column":4},"end":{"line":6,"column":null}},"4":{"start":{"line":8,"column":2},"end":{"line":8,"column":null}},"5":{"start":{"line":11,"column":13},"end":{"line":11,"column":null}},"6":{"start":{"line":11,"column":31},"end":{"line":11,"column":null}},"7":{"start":{"line":13,"column":16},"end":{"line":16,"column":null}},"8":{"start":{"line":19,"column":2},"end":{"line":23,"column":null}}},"fnMap":{"0":{"name":"(anonymous_4)","decl":{"start":{"line":1,"column":0},"end":{"line":1,"column":null}},"loc":{"start":{"line":1,"column":0},"end":{"line":1,"column":null}}},"1":{"name":"handleResponse","decl":{"start":{"line":3,"column":15},"end":{"line":3,"column":30}},"loc":{"start":{"line":3,"column":45},"end":{"line":9,"column":null}}},"2":{"name":"(anonymous_6)","decl":{"start":{"line":11,"column":13},"end":{"line":11,"column":14}},"loc":{"start":{"line":11,"column":31},"end":{"line":11,"column":null}}},"3":{"name":"postMyAddress","decl":{"start":{"line":18,"column":16},"end":{"line":18,"column":30}},"loc":{"start":{"line":18,"column":64},"end":{"line":24,"column":null}}}},"branchMap":{"0":{"loc":{"start":{"line":5,"column":2},"end":{"line":7,"column":null}},"type":"if","locations":[{"start":{"line":5,"column":2},"end":{"line":7,"column":null}}]}},"s":{"0":4,"1":0,"2":0,"3":0,"4":0,"5":1,"6":0,"7":1,"8":0},"f":{"0":1,"1":0,"2":0,"3":0},"b":{"0":[0]}}
,"/Users/morinagamasahiro/test-for-frontend/src/chap5/07/fetchers/mock.ts": {"path":"/Users/morinagamasahiro/test-for-frontend/src/chap5/07/fetchers/mock.ts","statementMap":{"0":{"start":{"line":1,"column":0},"end":{"line":1,"column":26}},"1":{"start":{"line":1,"column":26},"end":{"line":1,"column":null}},"2":{"start":{"line":2,"column":45},"end":{"line":2,"column":null}},"3":{"start":{"line":5,"column":2},"end":{"line":9,"column":null}},"4":{"start":{"line":6,"column":4},"end":{"line":8,"column":null}},"5":{"start":{"line":10,"column":2},"end":{"line":12,"column":null}}},"fnMap":{"0":{"name":"(anonymous_5)","decl":{"start":{"line":1,"column":0},"end":{"line":1,"column":26}},"loc":{"start":{"line":1,"column":0},"end":{"line":1,"column":26}}},"1":{"name":"mockPostMyAddress","decl":{"start":{"line":4,"column":16},"end":{"line":4,"column":34}},"loc":{"start":{"line":4,"column":48},"end":{"line":13,"column":null}}}},"branchMap":{"0":{"loc":{"start":{"line":4,"column":34},"end":{"line":4,"column":48}},"type":"default-arg","locations":[{"start":{"line":4,"column":43},"end":{"line":4,"column":48}}]},"1":{"loc":{"start":{"line":5,"column":2},"end":{"line":9,"column":null}},"type":"if","locations":[{"start":{"line":5,"column":2},"end":{"line":9,"column":null}}]}},"s":{"0":4,"1":1,"2":1,"3":1,"4":0,"5":1},"f":{"0":1,"1":1},"b":{"0":[1],"1":[0]}}
}
