TN:
SF:src/chap3/02/index.ts
FN:1,(anonymous_4)
FN:1,(anonymous_5)
FNF:2
FNH:2
FNDA:1,(anonymous_4)
FNDA:2,(anonymous_5)
DA:1,4
DA:2,2
DA:5,1
LF:3
LH:3
BRF:0
BRH:0
end_of_record
TN:
SF:src/chap3/04/index.ts
FN:1,(anonymous_4)
FN:1,(anonymous_6)
FN:10,(anonymous_7)
FNF:3
FNH:3
FNDA:4,(anonymous_4)
FNDA:2,(anonymous_6)
FNDA:2,(anonymous_7)
DA:1,7
DA:2,2
DA:4,2
DA:5,1
DA:7,1
DA:10,1
DA:11,2
DA:13,2
DA:14,1
DA:16,1
LF:10
LH:10
BRDA:4,0,0,1
BRDA:13,1,0,1
BRF:2
BRH:2
end_of_record
TN:
SF:src/chap3/05/index.ts
FN:1,(anonymous_4)
FN:5,(anonymous_8)
FN:17,(anonymous_9)
FNF:3
FNH:3
FNDA:2,(anonymous_4)
FNDA:1,(anonymous_8)
FNDA:1,(anonymous_9)
DA:1,5
DA:5,1
DA:6,1
DA:7,0
DA:9,0
DA:11,0
DA:12,0
DA:14,0
DA:17,1
DA:18,1
DA:19,1
LF:11
LH:6
BRDA:11,0,0,0
BRDA:18,1,0,1
BRDA:18,2,0,1
BRDA:18,2,1,0
BRF:4
BRH:2
end_of_record
TN:
SF:src/chap3/07/index.ts
FN:1,(anonymous_4)
FN:1,(anonymous_5)
FN:2,(anonymous_6)
FN:3,(anonymous_7)
FNF:4
FNH:4
FNDA:4,(anonymous_4)
FNDA:4,(anonymous_5)
FNDA:4,(anonymous_6)
FNDA:4,(anonymous_7)
DA:1,7
DA:2,4
DA:3,4
DA:4,4
LF:4
LH:4
BRF:0
BRH:0
end_of_record
TN:
SF:src/chap4/02/greet.ts
FN:1,(anonymous_4)
FN:1,(anonymous_6)
FN:5,(anonymous_7)
FNF:3
FNH:2
FNDA:5,(anonymous_4)
FNDA:2,(anonymous_6)
FNDA:0,(anonymous_7)
DA:1,14
DA:2,2
DA:5,3
DA:6,0
LF:4
LH:3
BRF:0
BRH:0
end_of_record
TN:
SF:src/chap4/05/greet.ts
FN:1,(anonymous_4)
FN:1,(anonymous_5)
FNF:2
FNH:2
FNDA:1,(anonymous_4)
FNDA:1,(anonymous_5)
DA:1,4
DA:2,1
LF:2
LH:2
BRDA:2,0,0,0
BRDA:2,0,1,1
BRF:2
BRH:1
end_of_record
TN:
SF:src/chap4/06/index.ts
FN:1,(anonymous_4)
FN:3,(anonymous_6)
FNF:2
FNH:2
FNDA:4,(anonymous_4)
FNDA:4,(anonymous_6)
DA:1,7
DA:3,1
DA:4,4
DA:5,0
LF:4
LH:3
BRDA:4,0,0,0
BRF:1
BRH:0
end_of_record
TN:
SF:src/chap4/fetchers/fixtures.ts
FN:1,(anonymous_4)
FNF:1
FNH:1
FNDA:2,(anonymous_4)
DA:1,5
DA:3,1
DA:7,1
DA:33,1
LF:4
LH:4
BRF:0
BRH:0
end_of_record
TN:
SF:src/chap4/fetchers/index.ts
FN:1,(anonymous_4)
FN:3,handleResponse
FN:11,(anonymous_8)
FN:13,getMyProfile
FN:17,getMyArticles
FN:21,postMyArticle
FNF:6
FNH:1
FNDA:3,(anonymous_4)
FNDA:0,handleResponse
FNDA:0,(anonymous_8)
FNDA:0,getMyProfile
FNDA:0,getMyArticles
FNDA:0,postMyArticle
DA:1,6
DA:4,0
DA:5,0
DA:6,0
DA:8,0
DA:11,1
DA:14,0
DA:18,0
DA:22,0
LF:9
LH:2
BRDA:5,0,0,0
BRF:1
BRH:0
end_of_record
TN:
SF:src/chap5/03/Form.tsx
FN:1,(anonymous_4)
FN:6,(anonymous_5)
FN:9,(anonymous_6)
FNF:3
FNH:3
FNDA:4,(anonymous_4)
FNDA:4,(anonymous_5)
FNDA:1,(anonymous_6)
DA:1,7
DA:6,1
DA:7,4
DA:10,1
DA:11,1
LF:5
LH:5
BRDA:11,0,0,0
BRDA:11,0,1,1
BRF:2
BRH:1
end_of_record
TN:
SF:src/chap5/05/Agreement.tsx
FN:1,(anonymous_4)
FN:5,(anonymous_5)
FNF:2
FNH:2
FNDA:4,(anonymous_4)
FNDA:4,(anonymous_5)
DA:1,10
DA:5,2
DA:6,4
LF:3
LH:3
BRF:0
BRH:0
end_of_record
TN:
SF:src/chap5/05/Form.tsx
FN:1,(anonymous_5)
FN:5,(anonymous_6)
FN:14,(anonymous_7)
FNF:3
FNH:3
FNDA:2,(anonymous_5)
FNDA:4,(anonymous_6)
FNDA:1,(anonymous_7)
DA:1,5
DA:2,1
DA:3,1
DA:5,1
DA:6,4
DA:7,3
DA:9,3
DA:15,1
LF:8
LH:8
BRF:0
BRH:0
end_of_record
TN:
SF:src/chap5/05/InputAccount.tsx
FN:1,(anonymous_4)
FN:1,(anonymous_5)
FNF:2
FNH:2
FNDA:5,(anonymous_4)
FNDA:5,(anonymous_5)
DA:1,11
DA:2,5
LF:2
LH:2
BRF:0
BRH:0
end_of_record
TN:
SF:src/chap5/06/ContactNumber.tsx
FN:1,(anonymous_4)
FN:1,(anonymous_5)
FNF:2
FNH:2
FNDA:2,(anonymous_4)
FNDA:2,(anonymous_5)
DA:1,5
DA:2,2
LF:2
LH:2
BRF:0
BRH:0
end_of_record
TN:
SF:src/chap5/06/DeliveryAddress.tsx
FN:1,(anonymous_4)
FN:1,(anonymous_5)
FNF:2
FNH:2
FNDA:2,(anonymous_4)
FNDA:2,(anonymous_5)
DA:1,5
DA:2,2
LF:2
LH:2
BRDA:1,0,0,2
BRF:1
BRH:1
end_of_record
TN:
SF:src/chap5/06/Form.tsx
FN:1,(anonymous_4)
FN:12,(anonymous_5)
FNF:2
FNH:2
FNDA:2,(anonymous_4)
FNDA:2,(anonymous_5)
DA:1,5
DA:2,1
DA:3,1
DA:4,1
DA:5,1
DA:12,1
DA:13,2
DA:16,2
LF:8
LH:8
BRDA:19,0,0,0
BRDA:19,0,1,2
BRDA:19,1,0,2
BRDA:19,1,1,0
BRDA:23,2,0,0
BRDA:23,2,1,0
BRF:6
BRH:2
end_of_record
TN:
SF:src/chap5/06/PastDeliveryAddress.tsx
FN:1,(anonymous_4)
FN:3,(anonymous_5)
FN:14,(anonymous_6)
FNF:3
FNH:0
FNDA:0,(anonymous_4)
FNDA:0,(anonymous_5)
FNDA:0,(anonymous_6)
DA:1,3
DA:3,1
DA:10,0
DA:15,0
LF:4
LH:2
BRDA:11,0,0,0
BRDA:11,0,1,0
BRF:2
BRH:0
end_of_record
TN:
SF:src/chap5/06/RegisterDeliveryAddress.tsx
FN:1,(anonymous_4)
FN:3,(anonymous_5)
FN:12,(anonymous_6)
FN:23,(anonymous_7)
FNF:4
FNH:0
FNDA:0,(anonymous_4)
FNDA:0,(anonymous_5)
FNDA:0,(anonymous_6)
FNDA:0,(anonymous_7)
DA:1,3
DA:3,1
DA:4,0
DA:13,0
DA:24,0
LF:5
LH:2
BRF:0
BRH:0
end_of_record
TN:
SF:src/chap5/07/RegisterAddress.tsx
FN:1,(anonymous_4)
FN:7,(anonymous_5)
FN:12,(anonymous_6)
FN:16,(anonymous_7)
FN:19,(anonymous_8)
FNF:5
FNH:4
FNDA:1,(anonymous_4)
FNDA:3,(anonymous_5)
FNDA:1,(anonymous_6)
FNDA:1,(anonymous_7)
FNDA:0,(anonymous_8)
DA:1,4
DA:2,1
DA:3,1
DA:4,1
DA:5,1
DA:7,1
DA:8,3
DA:9,2
DA:13,1
DA:14,1
DA:15,1
DA:17,1
DA:20,0
DA:23,0
DA:24,0
DA:25,0
DA:27,0
LF:17
LH:12
BRDA:23,0,0,0
BRDA:31,1,0,2
BRDA:31,1,1,1
BRF:3
BRH:2
end_of_record
TN:
SF:src/chap5/07/handleSubmit.ts
FN:1,(anonymous_4)
FN:1,handleSubmit
FN:2,(anonymous_6)
FN:6,(anonymous_7)
FNF:4
FNH:4
FNDA:2,(anonymous_4)
FNDA:2,handleSubmit
FNDA:1,(anonymous_6)
FNDA:6,(anonymous_7)
DA:1,5
DA:2,2
DA:3,1
DA:4,1
DA:5,1
DA:6,6
DA:7,1
LF:7
LH:7
BRF:0
BRH:0
end_of_record
TN:
SF:src/chap5/07/testingUtils.ts
FN:1,(anonymous_5)
FN:6,getGroupByName
FN:10,inputContactNumber
FN:27,inputDeliveryAddress
FN:54,clickSubmit
FNF:5
FNH:4
FNDA:3,(anonymous_5)
FNDA:0,getGroupByName
FNDA:1,inputContactNumber
FNDA:1,inputDeliveryAddress
FNDA:1,clickSubmit
DA:1,6
DA:2,1
DA:4,1
DA:7,0
DA:16,1
DA:20,1
DA:24,1
DA:35,1
DA:39,1
DA:43,1
DA:47,1
DA:51,1
DA:55,1
LF:13
LH:12
BRDA:11,0,0,1
BRDA:28,1,0,1
BRF:2
BRH:2
end_of_record
TN:
SF:src/chap5/07/validations.ts
FN:1,(anonymous_4)
FN:3,checkPhoneNumber
FNF:2
FNH:2
FNDA:1,(anonymous_4)
FNDA:1,checkPhoneNumber
DA:1,4
DA:4,1
DA:5,0
LF:3
LH:2
BRDA:4,0,0,0
BRF:1
BRH:0
end_of_record
TN:
SF:src/chap5/07/fetchers/fixtures.ts
FN:1,(anonymous_4)
FNF:1
FNH:1
FNDA:1,(anonymous_4)
DA:1,4
DA:3,1
DA:7,1
LF:3
LH:3
BRF:0
BRH:0
end_of_record
TN:
SF:src/chap5/07/fetchers/index.ts
FN:1,(anonymous_4)
FN:3,handleResponse
FN:11,(anonymous_6)
FN:18,postMyAddress
FNF:4
FNH:1
FNDA:1,(anonymous_4)
FNDA:0,handleResponse
FNDA:0,(anonymous_6)
FNDA:0,postMyAddress
DA:1,4
DA:4,0
DA:5,0
DA:6,0
DA:8,0
DA:11,1
DA:13,1
DA:19,0
LF:8
LH:3
BRDA:5,0,0,0
BRF:1
BRH:0
end_of_record
TN:
SF:src/chap5/07/fetchers/mock.ts
FN:1,(anonymous_5)
FN:4,mockPostMyAddress
FNF:2
FNH:2
FNDA:1,(anonymous_5)
FNDA:1,mockPostMyAddress
DA:1,4
DA:2,1
DA:5,1
DA:6,0
DA:10,1
LF:5
LH:4
BRDA:4,0,0,1
BRDA:5,1,0,0
BRF:2
BRH:1
end_of_record
